<<<<<<< HEAD
Channel 1, normalised difference of u: 1.4210e-01, normalised difference of chi: 1.5525e+00
Channel 1, normalised difference of u: 4.7710e-03, normalised difference of chi: 3.8067e-01
Channel 1, normalised difference of u: 1.5035e-03, normalised difference of chi: 1.9220e-03
Channel 1, normalised difference of u: 5.7728e-04, normalised difference of chi: 6.0194e-04
Channel 1, normalised difference of u: 2.2698e-04, normalised difference of chi: 2.2958e-04
Channel 1, normalised difference of u: 8.9719e-05, normalised difference of chi: 8.9476e-05
Channel 1, normalised difference of u: 3.5585e-05, normalised difference of chi: 3.5110e-05
Channel 1, normalised difference of u: 1.4155e-05, normalised difference of chi: 1.3838e-05
Channel 1, normalised difference of u: 5.6452e-06, normalised difference of chi: 5.4736e-06
Channel 1, normalised difference of u: 2.2563e-06, normalised difference of chi: 2.1712e-06
Channel 1, normalised difference of u: 9.0351e-07, normalised difference of chi: 8.6334e-07
Channel 1, normalised difference of u: 3.6240e-07, normalised difference of chi: 3.4398e-07
Channel 1, normalised difference of u: 1.4557e-07, normalised difference of chi: 1.3729e-07
Channel 1, normalised difference of u: 5.8545e-08, normalised difference of chi: 5.4877e-08
Channel 1, normalised difference of u: 2.3572e-08, normalised difference of chi: 2.1965e-08
Channel 1, normalised difference of u: 9.5005e-09, normalised difference of chi: 8.8020e-09
Channel 1, normalised difference of u: 3.8324e-09, normalised difference of chi: 3.5310e-09
Channel 1, normalised difference of u: 1.5472e-09, normalised difference of chi: 1.4179e-09
Channel 1, normalised difference of u: 6.2502e-10, normalised difference of chi: 5.6986e-10
Channel 1, normalised difference of u: 2.5265e-10, normalised difference of chi: 2.2921e-10
Channel 2, normalised difference of u: 1.6196e-01, normalised difference of chi: 1.4110e+00
Channel 2, normalised difference of u: 3.7413e-03, normalised difference of chi: 3.7018e-01
Channel 2, normalised difference of u: 6.9921e-04, normalised difference of chi: 1.6636e-03
Channel 2, normalised difference of u: 1.5970e-04, normalised difference of chi: 3.1715e-04
Channel 2, normalised difference of u: 3.7989e-05, normalised difference of chi: 7.1557e-05
Channel 2, normalised difference of u: 9.2235e-06, normalised difference of chi: 1.6555e-05
Channel 2, normalised difference of u: 2.2708e-06, normalised difference of chi: 3.9059e-06
Channel 2, normalised difference of u: 5.6557e-07, normalised difference of chi: 9.3739e-07
Channel 2, normalised difference of u: 1.4251e-07, normalised difference of chi: 2.2844e-07
Channel 2, normalised difference of u: 3.6395e-08, normalised difference of chi: 5.6496e-08
Channel 2, normalised difference of u: 9.4545e-09, normalised difference of chi: 1.4191e-08
Channel 2, normalised difference of u: 2.5115e-09, normalised difference of chi: 3.6278e-09
Channel 2, normalised difference of u: 6.8673e-10, normalised difference of chi: 9.4686e-10
Channel 2, normalised difference of u: 1.9461e-10, normalised difference of chi: 2.5340e-10
Channel 2, normalised difference of u: 5.7423e-11, normalised difference of chi: 6.9860e-11
Channel 2, normalised difference of u: 1.7650e-11, normalised difference of chi: 1.9922e-11
Channel 2, normalised difference of u: 5.6268e-12, normalised difference of chi: 5.8884e-12
Channel 2, normalised difference of u: 1.8469e-12, normalised difference of chi: 1.8020e-12
Channel 2, normalised difference of u: 6.1929e-13, normalised difference of chi: 5.6899e-13
Channel 2, normalised difference of u: 2.1067e-13, normalised difference of chi: 1.8416e-13
=======
Channel 1, normalised difference of u: 1.5131e-01, normalised difference of chi: 1.5665e+00
Channel 1, normalised difference of u: 5.0807e-03, normalised difference of chi: 3.8638e-01
Channel 1, normalised difference of u: 1.6283e-03, normalised difference of chi: 2.1416e-03
Channel 1, normalised difference of u: 6.2290e-04, normalised difference of chi: 6.8524e-04
Channel 1, normalised difference of u: 2.4350e-04, normalised difference of chi: 2.5744e-04
Channel 1, normalised difference of u: 9.5787e-05, normalised difference of chi: 9.8957e-05
Channel 1, normalised difference of u: 3.7849e-05, normalised difference of chi: 3.8408e-05
Channel 1, normalised difference of u: 1.5013e-05, normalised difference of chi: 1.5010e-05
Channel 1, normalised difference of u: 5.9741e-06, normalised difference of chi: 5.8982e-06
Channel 1, normalised difference of u: 2.3837e-06, normalised difference of chi: 2.3278e-06
Channel 1, normalised difference of u: 9.5323e-07, normalised difference of chi: 9.2190e-07
Channel 1, normalised difference of u: 3.8193e-07, normalised difference of chi: 3.6616e-07
Channel 1, normalised difference of u: 1.5328e-07, normalised difference of chi: 1.4578e-07
Channel 1, normalised difference of u: 6.1606e-08, normalised difference of chi: 5.8153e-08
Channel 1, normalised difference of u: 2.4791e-08, normalised difference of chi: 2.3239e-08
Channel 1, normalised difference of u: 9.9868e-09, normalised difference of chi: 9.3001e-09
Channel 1, normalised difference of u: 4.0270e-09, normalised difference of chi: 3.7268e-09
Channel 1, normalised difference of u: 1.6252e-09, normalised difference of chi: 1.4951e-09
Channel 1, normalised difference of u: 6.5637e-10, normalised difference of chi: 6.0044e-10
Channel 1, normalised difference of u: 2.6527e-10, normalised difference of chi: 2.4136e-10
Channel 2, normalised difference of u: 1.5623e-01, normalised difference of chi: 1.4168e+00
Channel 2, normalised difference of u: 3.3511e-03, normalised difference of chi: 3.7509e-01
Channel 2, normalised difference of u: 5.5993e-04, normalised difference of chi: 1.5052e-03
Channel 2, normalised difference of u: 1.2180e-04, normalised difference of chi: 2.5330e-04
Channel 2, normalised difference of u: 2.8950e-05, normalised difference of chi: 5.3373e-05
Channel 2, normalised difference of u: 7.3763e-06, normalised difference of chi: 1.1771e-05
Channel 2, normalised difference of u: 2.0141e-06, normalised difference of chi: 2.7061e-06
Channel 2, normalised difference of u: 5.8847e-07, normalised difference of chi: 6.5544e-07
Channel 2, normalised difference of u: 1.8226e-07, normalised difference of chi: 1.7039e-07
Channel 2, normalised difference of u: 5.8955e-08, normalised difference of chi: 4.8249e-08
Channel 2, normalised difference of u: 1.9625e-08, normalised difference of chi: 1.4819e-08
Channel 2, normalised difference of u: 6.6492e-09, normalised difference of chi: 4.8294e-09
Channel 2, normalised difference of u: 2.2769e-09, normalised difference of chi: 1.6301e-09
Channel 2, normalised difference of u: 7.8463e-10, normalised difference of chi: 5.6028e-10
Channel 2, normalised difference of u: 2.7144e-10, normalised difference of chi: 1.9424e-10
Channel 2, normalised difference of u: 9.4129e-11, normalised difference of chi: 6.7607e-11
Channel 2, normalised difference of u: 3.2693e-11, normalised difference of chi: 2.3570e-11
Channel 2, normalised difference of u: 1.1367e-11, normalised difference of chi: 8.2224e-12
Channel 2, normalised difference of u: 3.9550e-12, normalised difference of chi: 2.8689e-12
Channel 2, normalised difference of u: 1.3768e-12, normalised difference of chi: 1.0010e-12
Channel 3, normalised difference of u: 2.0935e-01, normalised difference of chi: 1.3626e+00
Channel 3, normalised difference of u: 3.5324e-03, normalised difference of chi: 3.7768e-01
Channel 3, normalised difference of u: 4.6768e-04, normalised difference of chi: 1.3221e-03
Channel 3, normalised difference of u: 7.9106e-05, normalised difference of chi: 1.6722e-04
Channel 3, normalised difference of u: 1.4366e-05, normalised difference of chi: 2.7752e-05
Channel 3, normalised difference of u: 2.7150e-06, normalised difference of chi: 4.8709e-06
Channel 3, normalised difference of u: 5.2732e-07, normalised difference of chi: 8.8974e-07
Channel 3, normalised difference of u: 1.0447e-07, normalised difference of chi: 1.6754e-07
Channel 3, normalised difference of u: 2.0997e-08, normalised difference of chi: 3.2292e-08
Channel 3, normalised difference of u: 4.2639e-09, normalised difference of chi: 6.3363e-09
Channel 3, normalised difference of u: 8.7228e-10, normalised difference of chi: 1.2603e-09
Channel 3, normalised difference of u: 1.7938e-10, normalised difference of chi: 2.5330e-10
Channel 3, normalised difference of u: 3.7025e-11, normalised difference of chi: 5.1310e-11
Channel 3, normalised difference of u: 7.6621e-12, normalised difference of chi: 1.0456e-11
Channel 3, normalised difference of u: 1.5886e-12, normalised difference of chi: 2.1404e-12
Channel 3, normalised difference of u: 3.2980e-13, normalised difference of chi: 4.3970e-13
Channel 3, normalised difference of u: 6.8530e-14, normalised difference of chi: 9.0560e-14
Channel 3, normalised difference of u: 1.4248e-14, normalised difference of chi: 1.9073e-14
Channel 3, normalised difference of u: 2.9819e-15, normalised difference of chi: 5.6622e-15
>>>>>>> master
